<?xml version="1.0" encoding="UTF-8"?>
<!-- Generated by org.testng.reporters.JUnitXMLReporter -->
<testsuite ignored="2" hostname="DESKTOP-1CCS179" failures="1" tests="4" name="RegressionTest" time="33.735" errors="0" timestamp="2024-06-17T19:06:08 IST">
  <testcase classname="com.opencart.testLayer.LoginTest" name="verifyLoginTestWithInvalidDetails" time="1.118"/>
  <testcase classname="com.opencart.testLayer.LoginTest" name="verifyLoginTestWithValidDetails" time="1.318"/>
  <testcase classname="com.opencart.testLayer.RegisterTest" name="verifyRegisterTestWithExistingAccountDetails" time="2.244"/>
  <testcase classname="com.opencart.testLayer.RegisterTest" name="verifyRegisterTestWithValidDetails" time="2.058">
    <failure type="java.lang.AssertionError" message="expected [Your Account Has Been Created!] but found [Register Account]">
      <![CDATA[java.lang.AssertionError: expected [Your Account Has Been Created!] but found [Register Account]
at com.opencart.testLayer.RegisterTest.verifyRegisterTestWithValidDetails(RegisterTest.java:36)
at java.base/java.util.ArrayList.forEach(ArrayList.java:1511)
... Removed 33 stack frames]]>
    </failure>
  </testcase> <!-- verifyRegisterTestWithValidDetails -->
  <testcase classname="com.opencart.testBase.TestBase" name="@BeforeTest start" time="0.0">
    <ignored/>
  </testcase> <!-- @BeforeTest start -->
  <testcase classname="com.opencart.testBase.TestBase" name="@AfterTest end" time="0.0">
    <ignored/>
  </testcase> <!-- @AfterTest end -->
</testsuite> <!-- RegressionTest -->
